Determining if the pthread_create exist failed with the following output:
Change Dir: /home/bashar/catkin_test/src/follow_me/CMakeFiles/CMakeTmp

Run Build Command:"/usr/bin/make" "cmTC_1df72/fast"
/usr/bin/make -f CMakeFiles/cmTC_1df72.dir/build.make CMakeFiles/cmTC_1df72.dir/build
make[1]: Entering directory '/home/bashar/catkin_test/src/follow_me/CMakeFiles/CMakeTmp'
Building C object CMakeFiles/cmTC_1df72.dir/CheckSymbolExists.c.o
/usr/bin/cc     -o CMakeFiles/cmTC_1df72.dir/CheckSymbolExists.c.o   -c /home/bashar/catkin_test/src/follow_me/CMakeFiles/CMakeTmp/CheckSymbolExists.c
Linking C executable cmTC_1df72
/usr/bin/cmake -E cmake_link_script CMakeFiles/cmTC_1df72.dir/link.txt --verbose=1
/usr/bin/cc       CMakeFiles/cmTC_1df72.dir/CheckSymbolExists.c.o  -o cmTC_1df72 -rdynamic 
CMakeFiles/cmTC_1df72.dir/CheckSymbolExists.c.o: In function `main':
CheckSymbolExists.c:(.text+0x16): undefined reference to `pthread_create'
collect2: error: ld returned 1 exit status
CMakeFiles/cmTC_1df72.dir/build.make:97: recipe for target 'cmTC_1df72' failed
make[1]: *** [cmTC_1df72] Error 1
make[1]: Leaving directory '/home/bashar/catkin_test/src/follow_me/CMakeFiles/CMakeTmp'
Makefile:126: recipe for target 'cmTC_1df72/fast' failed
make: *** [cmTC_1df72/fast] Error 2

File /home/bashar/catkin_test/src/follow_me/CMakeFiles/CMakeTmp/CheckSymbolExists.c:
/* */
#include <pthread.h>

int main(int argc, char** argv)
{
  (void)argv;
#ifndef pthread_create
  return ((int*)(&pthread_create))[argc];
#else
  (void)argc;
  return 0;
#endif
}

Determining if the function pthread_create exists in the pthreads failed with the following output:
Change Dir: /home/bashar/catkin_test/src/follow_me/CMakeFiles/CMakeTmp

Run Build Command:"/usr/bin/make" "cmTC_57061/fast"
/usr/bin/make -f CMakeFiles/cmTC_57061.dir/build.make CMakeFiles/cmTC_57061.dir/build
make[1]: Entering directory '/home/bashar/catkin_test/src/follow_me/CMakeFiles/CMakeTmp'
Building C object CMakeFiles/cmTC_57061.dir/CheckFunctionExists.c.o
/usr/bin/cc    -DCHECK_FUNCTION_EXISTS=pthread_create   -o CMakeFiles/cmTC_57061.dir/CheckFunctionExists.c.o   -c /usr/share/cmake-3.5/Modules/CheckFunctionExists.c
Linking C executable cmTC_57061
/usr/bin/cmake -E cmake_link_script CMakeFiles/cmTC_57061.dir/link.txt --verbose=1
/usr/bin/cc   -DCHECK_FUNCTION_EXISTS=pthread_create    CMakeFiles/cmTC_57061.dir/CheckFunctionExists.c.o  -o cmTC_57061 -rdynamic -lpthreads 
/usr/bin/ld: cannot find -lpthreads
collect2: error: ld returned 1 exit status
CMakeFiles/cmTC_57061.dir/build.make:97: recipe for target 'cmTC_57061' failed
make[1]: *** [cmTC_57061] Error 1
make[1]: Leaving directory '/home/bashar/catkin_test/src/follow_me/CMakeFiles/CMakeTmp'
Makefile:126: recipe for target 'cmTC_57061/fast' failed
make: *** [cmTC_57061/fast] Error 2


